INFO: [VRFC 10-2263] Analyzing Verilog file "A:/School/Capstone/OCT/OCT.sim/sim_1/impl/func/xsim/fftTest_func_impl.v" into library xil_defaultlib
INFO: [VRFC 10-311] analyzing module Complex4Multiply
INFO: [VRFC 10-311] analyzing module Complex4Multiply_block
INFO: [VRFC 10-311] analyzing module Complex4Multiply_block1
INFO: [VRFC 10-311] analyzing module Complex4Multiply_block2
INFO: [VRFC 10-311] analyzing module FFT
INFO: [VRFC 10-311] analyzing module FIR_Interpolation
INFO: [VRFC 10-311] analyzing module RADIX22FFT_CTRL1_1
INFO: [VRFC 10-311] analyzing module RADIX22FFT_CTRL1_10
INFO: [VRFC 10-311] analyzing module RADIX22FFT_CTRL1_2
INFO: [VRFC 10-311] analyzing module RADIX22FFT_CTRL1_3
INFO: [VRFC 10-311] analyzing module RADIX22FFT_CTRL1_4
INFO: [VRFC 10-311] analyzing module RADIX22FFT_CTRL1_5
INFO: [VRFC 10-311] analyzing module RADIX22FFT_CTRL1_6
INFO: [VRFC 10-311] analyzing module RADIX22FFT_CTRL1_7
INFO: [VRFC 10-311] analyzing module RADIX22FFT_CTRL1_8
INFO: [VRFC 10-311] analyzing module RADIX22FFT_CTRL1_9
INFO: [VRFC 10-311] analyzing module RADIX22FFT_SDF1_1
INFO: [VRFC 10-311] analyzing module RADIX22FFT_SDF1_3
INFO: [VRFC 10-311] analyzing module RADIX22FFT_SDF1_5
INFO: [VRFC 10-311] analyzing module RADIX22FFT_SDF1_7
INFO: [VRFC 10-311] analyzing module RADIX22FFT_SDF1_9
INFO: [VRFC 10-311] analyzing module RADIX22FFT_SDF2_10
INFO: [VRFC 10-311] analyzing module RADIX22FFT_SDF2_2
INFO: [VRFC 10-311] analyzing module RADIX22FFT_SDF2_4
INFO: [VRFC 10-311] analyzing module RADIX22FFT_SDF2_6
INFO: [VRFC 10-311] analyzing module RADIX22FFT_SDF2_8
INFO: [VRFC 10-311] analyzing module SDFCommutator1
INFO: [VRFC 10-311] analyzing module SDFCommutator10
INFO: [VRFC 10-311] analyzing module SDFCommutator2
INFO: [VRFC 10-311] analyzing module SDFCommutator3
INFO: [VRFC 10-311] analyzing module SDFCommutator4
INFO: [VRFC 10-311] analyzing module SDFCommutator5
INFO: [VRFC 10-311] analyzing module SDFCommutator6
INFO: [VRFC 10-311] analyzing module SDFCommutator7
INFO: [VRFC 10-311] analyzing module SDFCommutator8
INFO: [VRFC 10-311] analyzing module SDFCommutator9
INFO: [VRFC 10-311] analyzing module SimpleDualPortRAM_generic
INFO: [VRFC 10-311] analyzing module SimpleDualPortRAM_generic__parameterized1
INFO: [VRFC 10-311] analyzing module SimpleDualPortRAM_generic__parameterized11
INFO: [VRFC 10-311] analyzing module SimpleDualPortRAM_generic__parameterized11_4
INFO: [VRFC 10-311] analyzing module SimpleDualPortRAM_generic__parameterized13
INFO: [VRFC 10-311] analyzing module SimpleDualPortRAM_generic__parameterized13_5
INFO: [VRFC 10-311] analyzing module SimpleDualPortRAM_generic__parameterized15
INFO: [VRFC 10-311] analyzing module SimpleDualPortRAM_generic__parameterized15_13
INFO: [VRFC 10-311] analyzing module SimpleDualPortRAM_generic__parameterized17
INFO: [VRFC 10-311] analyzing module SimpleDualPortRAM_generic__parameterized17_14
INFO: [VRFC 10-311] analyzing module SimpleDualPortRAM_generic__parameterized19
INFO: [VRFC 10-311] analyzing module SimpleDualPortRAM_generic__parameterized19_2
INFO: [VRFC 10-311] analyzing module SimpleDualPortRAM_generic__parameterized21
INFO: [VRFC 10-311] analyzing module SimpleDualPortRAM_generic__parameterized21_3
INFO: [VRFC 10-311] analyzing module SimpleDualPortRAM_generic__parameterized23
INFO: [VRFC 10-311] analyzing module SimpleDualPortRAM_generic__parameterized23_10
INFO: [VRFC 10-311] analyzing module SimpleDualPortRAM_generic__parameterized23_11
INFO: [VRFC 10-311] analyzing module SimpleDualPortRAM_generic__parameterized23_12
INFO: [VRFC 10-311] analyzing module SimpleDualPortRAM_generic__parameterized26
INFO: [VRFC 10-311] analyzing module SimpleDualPortRAM_generic__parameterized26_0
INFO: [VRFC 10-311] analyzing module SimpleDualPortRAM_generic__parameterized28
INFO: [VRFC 10-311] analyzing module SimpleDualPortRAM_generic__parameterized28_1
INFO: [VRFC 10-311] analyzing module SimpleDualPortRAM_generic__parameterized3
INFO: [VRFC 10-311] analyzing module SimpleDualPortRAM_generic__parameterized30
INFO: [VRFC 10-311] analyzing module SimpleDualPortRAM_generic__parameterized30_9
INFO: [VRFC 10-311] analyzing module SimpleDualPortRAM_generic__parameterized32
INFO: [VRFC 10-311] analyzing module SimpleDualPortRAM_generic__parameterized32_8
INFO: [VRFC 10-311] analyzing module SimpleDualPortRAM_generic__parameterized3_6
INFO: [VRFC 10-311] analyzing module SimpleDualPortRAM_generic__parameterized5
INFO: [VRFC 10-311] analyzing module SimpleDualPortRAM_generic__parameterized5_7
INFO: [VRFC 10-311] analyzing module SimpleDualPortRAM_generic__parameterized7
INFO: [VRFC 10-311] analyzing module SimpleDualPortRAM_generic__parameterized7_15
INFO: [VRFC 10-311] analyzing module SimpleDualPortRAM_generic__parameterized9
INFO: [VRFC 10-311] analyzing module SimpleDualPortRAM_generic__parameterized9_16
INFO: [VRFC 10-311] analyzing module Sine_Wave
INFO: [VRFC 10-311] analyzing module Sine_Wave1
INFO: [VRFC 10-311] analyzing module TWDLROM_3_1
INFO: [VRFC 10-311] analyzing module TWDLROM_5_1
INFO: [VRFC 10-311] analyzing module TWDLROM_7_1
INFO: [VRFC 10-311] analyzing module TWDLROM_9_1
INFO: [VRFC 10-311] analyzing module fftTest
INFO: [VRFC 10-311] analyzing module fftTest_tc
INFO: [VRFC 10-311] analyzing module glbl
